        -:    0:Source:algorithms/MaxFlow.cpp
        -:    1:#include "MaxFlow.hpp"
        -:    2:#include <limits.h>
        -:    3:#include <queue>
        -:    4:#include <vector>
        -:    5:#include <string>
        -:    6:
        -:    7:/**
        -:    8: * @brief Executes Ford-Fulkerson algorithm with BFS to find maximum flow.
        -:    9: * @param graph The flow network where edge weights represent capacities
        -:   10: * @return A string containing the maximum flow from vertex 0 to vertex n-1
        -:   11: * 
        -:   12: * Ford-Fulkerson Algorithm with BFS (Edmonds-Karp):
        -:   13: * 1. Build capacity matrix from graph edge weights
        -:   14: * 2. While there exists an augmenting path from source to sink:
        -:   15: *    a. Find path using BFS (shortest path in terms of hops)
        -:   16: *    b. Determine bottleneck capacity along the path
        -:   17: *    c. Update residual capacities along the path
        -:   18: * 3. Return total flow accumulated
        -:   19: */
        3:   20:std::string MaxFlow::run(const Graph::Graph& graph) {
        3:   21:    int n = graph.getNumVertices();
        -:   22:    
        -:   23:    // Build capacity matrix from graph edge weights
        3:   24:    std::vector<std::vector<int>> capacity(n, std::vector<int>(n, 0));
       17:   25:    for (int u = 0; u < n; ++u) {
       82:   26:        for (int v = 0; v < n; ++v) {
       68:   27:            capacity[u][v] = graph.getEdgeWeight(u, v);  // Edge weights are capacities
        -:   28:        }
        -:   29:    }
        -:   30:    
        3:   31:    int flow = 0;              // Total flow accumulated
        3:   32:    std::vector<int> parent(n); // Parent array for BFS path reconstruction
        -:   33:    
        -:   34:    // BFS lambda function to find augmenting path and return bottleneck capacity
        6:   35:    auto bfs = [&](int s, int t) -> int {
        6:   36:        std::fill(parent.begin(), parent.end(), -1);  // Reset parent array
        6:   37:        parent[s] = -2;  // Mark source as visited with special value
        -:   38:        
        6:   39:        std::queue<std::pair<int, int>> q;  // Queue stores (vertex, min_capacity_to_reach)
        6:   40:        q.push({s, INT_MAX});  // Start from source with infinite capacity
        -:   41:        
       19:   42:        while (!q.empty()) {
       16:   43:            int u = q.front().first;   // Current vertex
       16:   44:            int f = q.front().second;  // Minimum capacity along path to u
       16:   45:            q.pop();
        -:   46:            
        -:   47:            // Explore all adjacent vertices
       93:   48:            for (int v = 0; v < n; ++v) {
        -:   49:                // If vertex v is unvisited and there's available capacity
       80:   50:                if (parent[v] == -1 && capacity[u][v] > 0) {
       14:   51:                    parent[v] = u;  // Set parent for path reconstruction
       14:   52:                    int new_f = std::min(f, capacity[u][v]);  // Update bottleneck capacity
        -:   53:                    
       14:   54:                    if (v == t) return new_f;  // Reached sink, return bottleneck
       11:   55:                    q.push({v, new_f});        // Continue BFS from v
        -:   56:                }
        -:   57:            }
        -:   58:        }
        3:   59:        return 0;  // No augmenting path found
        6:   60:    };
        -:   61:    
        3:   62:    int s = 0, t = n - 1;  // Source is vertex 0, sink is vertex n-1
        -:   63:    int new_flow;
        -:   64:    
        -:   65:    // Main Ford-Fulkerson loop: find augmenting paths until none exist
        -:   66:    do {
        6:   67:        new_flow = bfs(s, t);  // Find augmenting path and its bottleneck capacity
        -:   68:        
        6:   69:        if (new_flow) {
        3:   70:            flow += new_flow;  // Add bottleneck to total flow
        -:   71:            
        -:   72:            // Update residual capacities along the augmenting path
        3:   73:            int v = t;
       11:   74:            while (v != s) {
        8:   75:                int u = parent[v];
        8:   76:                capacity[u][v] -= new_flow;  // Reduce forward capacity
        8:   77:                capacity[v][u] += new_flow;  // Increase backward capacity (for future paths)
        8:   78:                v = u;  // Move backwards along path
        -:   79:            }
        -:   80:        }
        6:   81:    } while (new_flow);  // Continue until no more augmenting paths
        -:   82:    
        6:   83:    return "Max flow from 0 to n-1: " + std::to_string(flow);
        3:   84:}
